INFO:root:Search Configuration:
Opponent: MINIMAX
Rounds: 2
Fair Matches: False
Time Limit: 150
Processes: 1
Debug Mode: False
INFO:sample_players:[Errno 2] No such file or directory: 'data.pickle'
INFO:isolation:Initial game state: Isolation(board=41523161203939122082683632224299007, ply_count=0, locs=(None, None))
First agent: Agent(agent_class=<class 'sample_players.MinimaxPlayer'>, name='Minimax Agent')
Second agent: Agent(agent_class=<class 'my_custom_player.CustomPlayer'>, name='Custom Agent')

INFO:sample_players:[Errno 2] No such file or directory: 'data.pickle'
INFO:isolation:Status: Status.GAME_OVER
Final State: Isolation(board=32170756325976734146773998470039399, ply_count=72, locs=(112, 100))
History: [69, 57, <Action.NNE: 25>, -25, <Action.SSE: -27>, 15, <Action.NNE: 25>, 11, <Action.WSW: -11>, 15, <Action.ESE: -15>, -27, <Action.SSE: -27>, -15, <Action.SSW: -25>, -15, <Action.WSW: -11>, 11, <Action.WNW: 15>, 15, <Action.WSW: -11>, -27, <Action.NNW: 27>, -11, <Action.NNE: 25>, 25, <Action.ESE: -15>, 27, <Action.WSW: -11>, 15, <Action.NNW: 27>, 15, <Action.NNE: 25>, 11, <Action.NNE: 25>, -27, <Action.ESE: -15>, -15, <Action.ENE: 11>, -27, <Action.SSE: -27>, -15, <Action.NNE: 25>, 27, <Action.WSW: -11>, <Action.NNE: 25>, <Action.ESE: -15>, 15, <Action.SSW: -25>, 27, <Action.SSE: -27>, -11, <Action.WNW: 15>, <Action.WNW: 15>, <Action.NNW: 27>, -27, <Action.WNW: 15>, 15, <Action.WSW: -11>, -11, <Action.SSE: -27>, -27, <Action.SSW: -25>, <Action.SSW: -25>, <Action.WNW: 15>, -15, <Action.NNW: 27>, 27, <Action.NNE: 25>, 27, <Action.NNE: 25>, <Action.NNE: 25>]
Winner: Agent(agent_class=<class 'sample_players.MinimaxPlayer'>, name='Minimax Agent')
Loser: Agent(agent_class=<class 'my_custom_player.CustomPlayer'>, name='Custom Agent')

INFO:sample_players:[Errno 2] No such file or directory: 'data.pickle'
INFO:isolation:Initial game state: Isolation(board=41523161203939122082683632224299007, ply_count=0, locs=(None, None))
First agent: Agent(agent_class=<class 'my_custom_player.CustomPlayer'>, name='Custom Agent')
Second agent: Agent(agent_class=<class 'sample_players.MinimaxPlayer'>, name='Minimax Agent')

INFO:sample_players:[Errno 2] No such file or directory: 'data.pickle'
INFO:isolation:Status: Status.GAME_OVER
Final State: Isolation(board=31904235258908702239885211710777215, ply_count=66, locs=(91, 7))
History: [65, 57, -11, <Action.NNE: 25>, -11, <Action.ESE: -15>, 15, <Action.ESE: -15>, -11, <Action.WSW: -11>, -15, <Action.WSW: -11>, 27, <Action.WNW: 15>, -25, <Action.NNW: 27>, 27, <Action.WNW: 15>, -15, <Action.NNE: 25>, -25, <Action.ESE: -15>, 27, <Action.ENE: 11>, -15, <Action.SSE: -27>, -15, <Action.SSW: -25>, 11, <Action.SSW: -25>, 15, <Action.ENE: 11>, 11, <Action.ENE: 11>, 11, <Action.WNW: 15>, 27, <Action.NNW: 27>, -15, <Action.SSW: -25>, <Action.NNW: 27>, <Action.WNW: 15>, -11, <Action.NNE: 25>, -25, <Action.SSE: -27>, 15, <Action.WNW: 15>, 15, <Action.SSE: -27>, -11, <Action.WSW: -11>, -15, <Action.WNW: 15>, 27, <Action.ENE: 11>, <Action.ENE: 11>, <Action.WNW: 15>, <Action.ESE: -15>, <Action.SSE: -27>, <Action.ENE: 11>, <Action.SSW: -25>, -27, <Action.SSE: -27>, <Action.ENE: 11>, <Action.ESE: -15>]
Winner: Agent(agent_class=<class 'my_custom_player.CustomPlayer'>, name='Custom Agent')
Loser: Agent(agent_class=<class 'sample_players.MinimaxPlayer'>, name='Minimax Agent')

INFO:sample_players:[Errno 2] No such file or directory: 'data.pickle'
INFO:isolation:Initial game state: Isolation(board=41523161203939122082683632224299007, ply_count=0, locs=(None, None))
First agent: Agent(agent_class=<class 'sample_players.MinimaxPlayer'>, name='Minimax Agent')
Second agent: Agent(agent_class=<class 'my_custom_player.CustomPlayer'>, name='Custom Agent')

INFO:sample_players:[Errno 2] No such file or directory: 'data.pickle'
INFO:isolation:Status: Status.GAME_OVER
Final State: Isolation(board=35355104538460470809012784413074879, ply_count=64, locs=(9, 72))
History: [58, 61, <Action.NNE: 25>, -15, <Action.NNE: 25>, 11, <Action.SSE: -27>, -27, <Action.ENE: 11>, 11, <Action.SSE: -27>, 15, <Action.SSW: -25>, -27, <Action.WNW: 15>, -11, <Action.WSW: -11>, 15, <Action.NNW: 27>, 27, <Action.NNE: 25>, -15, <Action.SSE: -27>, -11, <Action.WNW: 15>, 25, <Action.NNE: 25>, 15, <Action.ESE: -15>, -27, <Action.SSE: -27>, -15, <Action.ENE: 11>, -15, <Action.SSW: -25>, 11, <Action.WSW: -11>, 15, <Action.WSW: -11>, -27, <Action.SSW: -25>, 11, <Action.WNW: 15>, 27, <Action.NNW: 27>, 25, <Action.NNW: 27>, -11, <Action.ENE: 11>, 27, <Action.ENE: 11>, -25, <Action.WNW: 15>, <Action.WNW: 15>, <Action.SSW: -25>, 15, <Action.SSW: -25>, -27, <Action.SSE: -27>, 15, <Action.ESE: -15>, 11, <Action.WSW: -11>, -27]
Winner: Agent(agent_class=<class 'sample_players.MinimaxPlayer'>, name='Minimax Agent')
Loser: Agent(agent_class=<class 'my_custom_player.CustomPlayer'>, name='Custom Agent')

INFO:sample_players:[Errno 2] No such file or directory: 'data.pickle'
INFO:isolation:Initial game state: Isolation(board=41523161203939122082683632224299007, ply_count=0, locs=(None, None))
First agent: Agent(agent_class=<class 'my_custom_player.CustomPlayer'>, name='Custom Agent')
Second agent: Agent(agent_class=<class 'sample_players.MinimaxPlayer'>, name='Minimax Agent')

INFO:sample_players:[Errno 2] No such file or directory: 'data.pickle'
INFO:isolation:Status: Status.GAME_OVER
Final State: Isolation(board=37627214891380890361862575172610039, ply_count=47, locs=(100, 94))
History: [65, 60, -11, <Action.NNE: 25>, -11, <Action.NNE: 25>, -11, <Action.ESE: -15>, 15, <Action.ESE: -15>, 11, <Action.SSE: -27>, -25, <Action.NNE: 25>, -15, <Action.WSW: -11>, -15, <Action.ESE: -15>, 27, <Action.WSW: -11>, -11, <Action.NNE: 25>, 15, <Action.WSW: -11>, 11, <Action.WSW: -11>, 27, <Action.WNW: 15>, 11, <Action.NNE: 25>, 15, <Action.SSE: -27>, -25, <Action.WSW: -11>, 15, <Action.NNE: 25>, -27, <Action.WNW: 15>, <Action.SSW: -25>, <Action.NNE: 25>, -15, <Action.ESE: -15>, 27, <Action.SSE: -27>, 27, <Action.NNE: 25>, <Action.NNE: 25>]
Winner: Agent(agent_class=<class 'sample_players.MinimaxPlayer'>, name='Minimax Agent')
Loser: Agent(agent_class=<class 'my_custom_player.CustomPlayer'>, name='Custom Agent')

INFO:__main__:Your agent won 25.0% of matches against Minimax Agent
